<?xml version="1.0" encoding="UTF-8"?>
<!-- Generated by org.testng.reporters.JUnitReportReporter -->
<testsuite skipped="0" hostname="Prakash" name="com.Runner.Runner" tests="1" failures="0" timestamp="2022-11-18T12:00:35 IST" time="0.115" errors="0">
  <testcase name="runScenario" time="0.115" classname="com.Runner.Runner"/>
  <system-out/>
</testsuite> <!-- com.Runner.Runner -->
