<?xml version="1.0" encoding="UTF-8"?>
<!-- Generated by org.testng.reporters.JUnitReportReporter -->
<testsuite skipped="0" hostname="Prakash" name="com.ExtentReport.ExtentReportsDemo" tests="1" failures="0" timestamp="2022-11-18T01:16:51 IST" time="0.710" errors="0">
  <testcase name="report" time="0.710" classname="com.ExtentReport.ExtentReportsDemo"/>
  <system-out/>
</testsuite> <!-- com.ExtentReport.ExtentReportsDemo -->
