<?xml version="1.0" encoding="UTF-8"?>
<!-- Generated by org.testng.reporters.JUnitReportReporter -->
<testsuite skipped="0" hostname="Prakash" name="com.testcases.HomePageTest" tests="2" failures="0" timestamp="2022-12-29T11:52:05 IST" time="36.309" errors="0">
  <testcase name="verifyHomepageTitleTest" time="20.587" classname="com.testcases.HomePageTest"/>
  <system-out/>
  <testcase name="clickOnContactsLinkTest" time="15.722" classname="com.testcases.HomePageTest"/>
  <system-out/>
</testsuite> <!-- com.testcases.HomePageTest -->
