<?xml version="1.0" encoding="UTF-8"?>
<!-- Generated by org.testng.reporters.JUnitReportReporter -->
<testsuite skipped="0" hostname="Prakash" name="com.testcases.LoginPageTest" tests="2" failures="0" timestamp="2022-12-29T11:52:05 IST" time="28.961" errors="0">
  <testcase name="loginPageTitleTest" time="6.239" classname="com.testcases.LoginPageTest"/>
  <system-out/>
  <testcase name="loginTest" time="22.722" classname="com.testcases.LoginPageTest"/>
  <system-out/>
</testsuite> <!-- com.testcases.LoginPageTest -->
