<?xml version="1.0" encoding="UTF-8"?>
<!-- Generated by org.testng.reporters.JUnitReportReporter -->
<testsuite skipped="0" hostname="Prakash" name="com.testcases.LoginPageTest" tests="2" failures="0" timestamp="2023-01-03T00:29:08 IST" time="17.739" errors="0">
  <testcase name="loginPageTitleTest" time="5.751" classname="com.testcases.LoginPageTest"/>
  <system-out/>
  <testcase name="loginTest" time="11.988" classname="com.testcases.LoginPageTest"/>
  <system-out/>
</testsuite> <!-- com.testcases.LoginPageTest -->
