<?xml version="1.0" encoding="UTF-8"?>
<!-- Generated by org.testng.reporters.JUnitReportReporter -->
<testsuite skipped="0" hostname="Prakash" name="com.testcases.HomePageTest" tests="2" failures="0" timestamp="2023-01-03T00:29:08 IST" time="28.421" errors="0">
  <testcase name="verifyHomepageTitleTest" time="13.244" classname="com.testcases.HomePageTest"/>
  <system-out/>
  <testcase name="clickOnContactsLinkTest" time="15.177" classname="com.testcases.HomePageTest"/>
  <system-out/>
</testsuite> <!-- com.testcases.HomePageTest -->
